<?xml version="1.0" encoding="UTF-8"?>
<!-- Generated by org.testng.reporters.JUnitReportReporter -->
<testsuite hostname="IBM-PF3DZ8GN" failures="0" tests="3" name="Framework.testcases.Regression" time="0.020" errors="0" timestamp="2023-06-07T08:18:15 IST" skipped="0">
  <testcase classname="Framework.testcases.Regression" name="login" time="0.019"/>
  <system-out/>
  <testcase classname="Framework.testcases.Regression" name="perform" time="0.000"/>
  <system-out/>
  <testcase classname="Framework.testcases.Regression" name="logout" time="0.001"/>
  <system-out/>
</testsuite> <!-- Framework.testcases.Regression -->
