<?xml version="1.0" encoding="UTF-8"?>
<!-- Generated by org.testng.reporters.JUnitReportReporter -->
<testsuite hostname="IBM-PF3DZ8GN" failures="0" tests="3" name="Framework.testcases.Sanity" time="0.016" errors="0" timestamp="2023-06-06T14:46:06 IST" skipped="0">
  <testcase classname="Framework.testcases.Sanity" name="perform" time="0.001"/>
  <system-out/>
  <testcase classname="Framework.testcases.Sanity" name="login" time="0.014"/>
  <system-out/>
  <testcase classname="Framework.testcases.Sanity" name="logout" time="0.001"/>
  <system-out/>
</testsuite> <!-- Framework.testcases.Sanity -->
