<?xml version="1.0" encoding="UTF-8"?>
<!-- Generated by org.testng.reporters.JUnitReportReporter -->
<testsuite hostname="IBM-PF3DZ8GN" failures="0" tests="3" name="Framework.testcases.Smoke" time="0.009" errors="0" timestamp="2023-06-06T14:46:36 IST" skipped="0">
  <testcase classname="Framework.testcases.Smoke" name="perform" time="0.001"/>
  <system-out/>
  <testcase classname="Framework.testcases.Smoke" name="logout" time="0.000"/>
  <system-out/>
  <testcase classname="Framework.testcases.Smoke" name="login" time="0.008"/>
  <system-out/>
</testsuite> <!-- Framework.testcases.Smoke -->
