<?xml version="1.0" encoding="UTF-8"?>
<!-- Generated by org.testng.reporters.JUnitReportReporter -->
<testsuite hostname="IBM-PF3DZ8GN" failures="0" tests="1" name="Framework.testcases.LoginPageTest" time="0.000" errors="0" timestamp="2023-06-06T14:46:06 IST" skipped="0">
  <testcase classname="Framework.testcases.LoginPageTest" name="login" time="0.000"/>
  <system-out/>
</testsuite> <!-- Framework.testcases.LoginPageTest -->
