<?xml version="1.0" encoding="UTF-8"?>
<!-- Generated by org.testng.reporters.JUnitReportReporter -->
<testsuite hostname="IBM-PF3DZ8GN" failures="0" tests="1" name="testng.Basics2" time="0.002" errors="0" timestamp="2023-05-08T18:15:21 IST" skipped="0">
  <testcase classname="testng.Basics2" name="test4" time="0.002"/>
  <system-out/>
</testsuite> <!-- testng.Basics2 -->
