<?xml version="1.0" encoding="UTF-8"?>
<!-- Generated by org.testng.reporters.JUnitReportReporter -->
<testsuite hostname="IBM-PF3DZ8GN" failures="0" tests="2" name="testng.Basics" time="0.014" errors="0" timestamp="2023-05-08T18:15:21 IST" skipped="0">
  <testcase classname="testng.Basics" name="test1" time="0.013"/>
  <system-out/>
  <testcase classname="testng.Basics" name="test2" time="0.001"/>
  <system-out/>
</testsuite> <!-- testng.Basics -->
