<?xml version="1.0" encoding="UTF-8"?>
<!-- Generated by org.testng.reporters.JUnitReportReporter -->
<testsuite hostname="IBM-PF3DZ8GN" failures="0" tests="1" name="Framework.first" time="38.872" errors="0" timestamp="2023-05-15T19:14:32 IST" skipped="0">
  <testcase classname="Framework.first" name="getProductList" time="38.872"/>
  <system-out/>
</testsuite> <!-- Framework.first -->
