<?xml version="1.0" encoding="UTF-8"?>
<!-- Generated by org.testng.reporters.JUnitReportReporter -->
<testsuite hostname="IBM-PF3DZ8GN" failures="0" tests="2" name="annotations.Basics" time="0.018" errors="0" timestamp="2023-05-10T12:38:44 IST" skipped="0">
  <testcase classname="annotations.Basics" name="test1" time="0.017"/>
  <system-out/>
  <testcase classname="annotations.Basics" name="test2" time="0.001"/>
  <system-out/>
</testsuite> <!-- annotations.Basics -->
