<?xml version="1.0" encoding="UTF-8"?>
<!-- Generated by org.testng.reporters.JUnitReportReporter -->
<testsuite hostname="IBM-PF3DZ8GN" failures="0" tests="5" name="annotations.Basics1" time="0.020" errors="0" timestamp="2023-05-13T18:32:48 IST" skipped="1">
  <testcase classname="annotations.Basics1" name="c" time="0.013"/>
  <system-out/>
  <testcase classname="annotations.Basics1" name="c" time="0.003"/>
  <system-out/>
  <testcase classname="annotations.Basics1" name="c" time="0.002"/>
  <system-out/>
  <testcase classname="annotations.Basics1" name="a" time="0.002"/>
  <system-out/>
  <testcase classname="annotations.Basics1" name="b">
    <skipped/>
  </testcase> <!-- b -->
  <system-out/>
</testsuite> <!-- annotations.Basics1 -->
