<?xml version="1.0" encoding="UTF-8"?>
<!-- Generated by org.testng.reporters.JUnitReportReporter -->
<testsuite hostname="IBM-PF3DZ8GN" failures="0" tests="1" name="Inheritance.Subclass" time="0.010" errors="0" timestamp="2023-05-17T17:48:53 IST" skipped="0">
  <testcase classname="Inheritance.Subclass" name="subclass" time="0.010"/>
  <system-out/>
</testsuite> <!-- Inheritance.Subclass -->
