<?xml version="1.0" encoding="UTF-8"?>
<!-- Generated by org.testng.reporters.JUnitReportReporter -->
<testsuite hostname="IBM-PF3DZ8GN" failures="0" tests="1" name="annotations.Basics4" time="0.001" errors="0" timestamp="2023-06-06T14:25:48 IST" skipped="0">
  <testcase classname="annotations.Basics4" name="test41" time="0.001"/>
  <system-out/>
</testsuite> <!-- annotations.Basics4 -->
