<?xml version="1.0" encoding="UTF-8"?>
<!-- Generated by org.testng.reporters.JUnitReportReporter -->
<testsuite hostname="IBM-PF3DZ8GN" failures="0" tests="1" name="annotations.subclass" time="0.008" errors="0" timestamp="2023-05-14T16:38:03 IST" skipped="0">
  <testcase classname="annotations.subclass" name="main" time="0.008"/>
  <system-out/>
</testsuite> <!-- annotations.subclass -->
