<?xml version="1.0" encoding="UTF-8"?>
<!-- Generated by org.testng.reporters.JUnitReportReporter -->
<testsuite hostname="IBM-PF3DZ8GN" failures="0" tests="2" name="annotations.Basics3" time="0.012" errors="0" timestamp="2023-06-06T14:25:48 IST" skipped="0">
  <testcase classname="annotations.Basics3" name="test32" time="0.001"/>
  <system-out/>
  <testcase classname="annotations.Basics3" name="test31" time="0.011"/>
  <system-out/>
</testsuite> <!-- annotations.Basics3 -->
